2025-06-14 10:41:19 [AWT-EventQueue-0] INFO  c.ande.luxury.hotelapp.views.Login - Autenticación exitosa admin - Super Administrador
2025-06-14 10:45:10 [AWT-EventQueue-0] ERROR c.ande.luxury.hotelapp.views.Login - El usuario y/o contraseña es incorrecto, verifique nuevamente
2025-06-14 10:46:21 [AWT-EventQueue-0] ERROR c.ande.luxury.hotelapp.views.Login - El usuario y/o contraseña es incorrecto, verifique nuevamente
2025-06-14 12:44:26 [AWT-EventQueue-0] INFO  c.ande.luxury.hotelapp.views.Login - Autenticación exitosa admin - Super Administrador
2025-06-14 12:57:59 [main] ERROR c.a.l.hotelapp.utilsdb.Seguridad - rawPassword cannot be null
2025-06-14 13:12:20 [main] ERROR c.a.l.hotelapp.utilsdb.Seguridad - rawPassword cannot be null
2025-06-14 13:44:53 [AWT-EventQueue-0] INFO  c.ande.luxury.hotelapp.views.Login - Autenticación exitosa admin - Super Administrador
2025-06-14 13:47:48 [AWT-EventQueue-0] INFO  c.ande.luxury.hotelapp.views.Login - Autenticación exitosa admin - Super Administrador
2025-06-14 13:48:49 [AWT-EventQueue-0] INFO  c.ande.luxury.hotelapp.views.Login - Autenticación exitosa admin - Super Administrador
2025-06-14 13:49:58 [main] ERROR c.a.l.hotelapp.utilsdb.Seguridad - rawPassword cannot be null
2025-06-14 13:51:18 [AWT-EventQueue-0] INFO  c.ande.luxury.hotelapp.views.Login - Autenticación exitosa admin - Super Administrador
2025-06-14 13:51:50 [AWT-EventQueue-0] INFO  c.ande.luxury.hotelapp.views.Login - Autenticación exitosa admin - Super Administrador
2025-06-14 13:52:47 [AWT-EventQueue-0] INFO  c.ande.luxury.hotelapp.views.Login - Autenticación exitosa admin - Super Administrador
2025-06-14 13:54:06 [AWT-EventQueue-0] INFO  c.ande.luxury.hotelapp.views.Login - Autenticación exitosa admin - Super Administrador
2025-06-14 13:56:07 [AWT-EventQueue-0] INFO  c.ande.luxury.hotelapp.views.Login - Autenticación exitosa admin - Super Administrador
2025-06-14 13:57:36 [AWT-EventQueue-0] INFO  c.ande.luxury.hotelapp.views.Login - Autenticación exitosa admin - Super Administrador
2025-06-14 13:58:56 [AWT-EventQueue-0] INFO  c.ande.luxury.hotelapp.views.Login - Autenticación exitosa admin - Super Administrador
2025-06-14 13:59:20 [AWT-EventQueue-0] INFO  c.ande.luxury.hotelapp.views.Login - Autenticación exitosa admin - Super Administrador
2025-06-14 13:59:48 [AWT-EventQueue-0] INFO  c.ande.luxury.hotelapp.views.Login - Autenticación exitosa admin - Super Administrador
2025-06-14 14:00:06 [AWT-EventQueue-0] INFO  c.ande.luxury.hotelapp.views.Login - Autenticación exitosa admin - Super Administrador
2025-06-14 14:00:35 [AWT-EventQueue-0] INFO  c.ande.luxury.hotelapp.views.Login - Autenticación exitosa admin - Super Administrador
2025-06-14 14:37:01 [AWT-EventQueue-0] INFO  c.ande.luxury.hotelapp.views.Login - Autenticación exitosa admin - Super Administrador
2025-06-14 14:39:35 [AWT-EventQueue-0] INFO  c.ande.luxury.hotelapp.views.Login - Autenticación exitosa admin - Super Administrador
2025-06-14 14:40:21 [AWT-EventQueue-0] INFO  c.ande.luxury.hotelapp.views.Login - Autenticación exitosa admin - Super Administrador
2025-06-14 14:41:10 [AWT-EventQueue-0] INFO  c.ande.luxury.hotelapp.views.Login - Autenticación exitosa admin - Super Administrador
2025-06-14 14:41:42 [AWT-EventQueue-0] INFO  c.ande.luxury.hotelapp.views.Login - Autenticación exitosa admin - Super Administrador
2025-06-14 14:47:31 [AWT-EventQueue-0] INFO  c.ande.luxury.hotelapp.views.Login - Autenticación exitosa admin - Super Administrador
2025-06-14 14:48:17 [AWT-EventQueue-0] INFO  c.ande.luxury.hotelapp.views.Login - Autenticación exitosa admin - Super Administrador
2025-06-14 14:49:22 [AWT-EventQueue-0] INFO  c.ande.luxury.hotelapp.views.Login - Autenticación exitosa admin - Super Administrador
2025-06-14 14:50:02 [AWT-EventQueue-0] INFO  c.ande.luxury.hotelapp.views.Login - Autenticación exitosa admin - Super Administrador
2025-06-14 14:53:09 [AWT-EventQueue-0] INFO  c.ande.luxury.hotelapp.views.Login - Autenticación exitosa admin - Super Administrador
2025-06-14 14:55:10 [AWT-EventQueue-0] INFO  c.ande.luxury.hotelapp.views.Login - Autenticación exitosa admin - Super Administrador
2025-06-14 14:55:29 [AWT-EventQueue-0] INFO  c.ande.luxury.hotelapp.views.Login - Autenticación exitosa 72854591 - Bryan Vislao Chavez
2025-06-14 14:55:43 [AWT-EventQueue-0] INFO  c.ande.luxury.hotelapp.views.Login - Autenticación exitosa admin - Super Administrador
2025-06-14 14:58:35 [AWT-EventQueue-0] INFO  c.ande.luxury.hotelapp.views.Login - Autenticación exitosa 12345678 - AAAAA
2025-06-14 14:58:57 [AWT-EventQueue-0] INFO  c.ande.luxury.hotelapp.views.Login - Autenticación exitosa 12345679 - BBBB
2025-06-14 14:59:20 [AWT-EventQueue-0] INFO  c.ande.luxury.hotelapp.views.Login - Autenticación exitosa admin - Super Administrador
2025-06-14 15:00:48 [AWT-EventQueue-0] INFO  c.ande.luxury.hotelapp.views.Login - Autenticación exitosa admin - Super Administrador
2025-06-14 15:24:48 [AWT-EventQueue-0] INFO  c.ande.luxury.hotelapp.views.Login - Autenticación exitosa admin - Super Administrador
2025-06-14 15:30:25 [AWT-EventQueue-0] INFO  c.ande.luxury.hotelapp.views.Login - Autenticación exitosa admin - Super Administrador
2025-06-14 15:34:18 [AWT-EventQueue-0] INFO  c.ande.luxury.hotelapp.views.Login - Autenticación exitosa admin - Super Administrador
2025-06-14 17:27:29 [main] ERROR c.a.l.hotelapp.utilsdb.Seguridad - rawPassword cannot be null
